# JRE version: Java(TM) SE Runtime Environment (8.0_181-b13) (build 1.8.0_181-b13)
# Java VM: Java HotSpot(TM) 64-Bit Server VM (25.181-b13 mixed mode windows-amd64 compressed oops)
Heap:
 PSYoungGen      total 35840K, used 15147K [0x00000000d8700000, 0x00000000daf00000, 0x0000000100000000)
  eden space 30720K, 32% used [0x00000000d8700000,0x00000000d90d2bc8,0x00000000da500000)
  from space 5120K, 99% used [0x00000000daa00000,0x00000000daef82f8,0x00000000daf00000)
  to   space 5120K, 0% used [0x00000000da500000,0x00000000da500000,0x00000000daa00000)
 ParOldGen       total 81920K, used 3076K [0x0000000089400000, 0x000000008e400000, 0x00000000d8700000)
  object space 81920K, 3% used [0x0000000089400000,0x0000000089701070,0x000000008e400000)
 Metaspace       used 17705K, capacity 18212K, committed 18560K, reserved 1064960K
  class space    used 2182K, capacity 2336K, committed 2432K, reserved 1048576K
GC Heap History (4 events):
Event: 3.491 GC heap before
{Heap before GC invocations=1 (full 0):
 PSYoungGen      total 35840K, used 30720K [0x00000000d8700000, 0x00000000daf00000, 0x0000000100000000)
  eden space 30720K, 100% used [0x00000000d8700000,0x00000000da500000,0x00000000da500000)
  from space 5120K, 0% used [0x00000000daa00000,0x00000000daa00000,0x00000000daf00000)
  to   space 5120K, 0% used [0x00000000da500000,0x00000000da500000,0x00000000daa00000)
 ParOldGen       total 81920K, used 0K [0x0000000089400000, 0x000000008e400000, 0x00000000d8700000)
  object space 81920K, 0% used [0x0000000089400000,0x0000000089400000,0x000000008e400000)
 Metaspace       used 11081K, capacity 11226K, committed 11392K, reserved 1058816K
  class space    used 1322K, capacity 1372K, committed 1408K, reserved 1048576K
Event: 3.505 GC heap after
Heap after GC invocations=1 (full 0):
 PSYoungGen      total 35840K, used 5090K [0x00000000d8700000, 0x00000000daf00000, 0x0000000100000000)
  eden space 30720K, 0% used [0x00000000d8700000,0x00000000d8700000,0x00000000da500000)
  from space 5120K, 99% used [0x00000000da500000,0x00000000da9f8bd8,0x00000000daa00000)
  to   space 5120K, 0% used [0x00000000daa00000,0x00000000daa00000,0x00000000daf00000)
 ParOldGen       total 81920K, used 1127K [0x0000000089400000, 0x000000008e400000, 0x00000000d8700000)
  object space 81920K, 1% used [0x0000000089400000,0x0000000089519ec0,0x000000008e400000)
 Metaspace       used 11081K, capacity 11226K, committed 11392K, reserved 1058816K
  class space    used 1322K, capacity 1372K, committed 1408K, reserved 1048576K
}
Event: 41.011 GC heap before
{Heap before GC invocations=2 (full 0):
 PSYoungGen      total 35840K, used 35810K [0x00000000d8700000, 0x00000000daf00000, 0x0000000100000000)
  eden space 30720K, 100% used [0x00000000d8700000,0x00000000da500000,0x00000000da500000)
  from space 5120K, 99% used [0x00000000da500000,0x00000000da9f8bd8,0x00000000daa00000)
  to   space 5120K, 0% used [0x00000000daa00000,0x00000000daa00000,0x00000000daf00000)
 ParOldGen       total 81920K, used 1127K [0x0000000089400000, 0x000000008e400000, 0x00000000d8700000)
  object space 81920K, 1% used [0x0000000089400000,0x0000000089519ec0,0x000000008e400000)
 Metaspace       used 17288K, capacity 17796K, committed 18048K, reserved 1064960K
  class space    used 2160K, capacity 2334K, committed 2432K, reserved 1048576K
Event: 41.033 GC heap after
Heap after GC invocations=2 (full 0):
 PSYoungGen      total 35840K, used 5088K [0x00000000d8700000, 0x00000000daf00000, 0x0000000100000000)
  eden space 30720K, 0% used [0x00000000d8700000,0x00000000d8700000,0x00000000da500000)
  from space 5120K, 99% used [0x00000000daa00000,0x00000000daef82f8,0x00000000daf00000)
  to   space 5120K, 0% used [0x00000000da500000,0x00000000da500000,0x00000000daa00000)
 ParOldGen       total 81920K, used 3076K [0x0000000089400000, 0x000000008e400000, 0x00000000d8700000)
  object space 81920K, 3% used [0x0000000089400000,0x0000000089701070,0x000000008e400000)
 Metaspace       used 17288K, capacity 17796K, committed 18048K, reserved 1064960K
  class space    used 2160K, capacity 2334K, committed 2432K, reserved 1048576K
}

