<?xml version="1.0" encoding="UTF-8"?>
<testng-results skipped="0" failed="0" ignored="0" total="1" passed="1">
  <reporter-output>
  </reporter-output>
  <suite name="Default suite" duration-ms="55866" started-at="2018-10-15T12:16:56Z" finished-at="2018-10-15T12:17:52Z">
    <groups>
    </groups>
    <test name="Default test" duration-ms="55866" started-at="2018-10-15T12:16:56Z" finished-at="2018-10-15T12:17:52Z">
      <class name="CreateAnFuseApp.Project.TestCase1">
        <test-method status="PASS" signature="setUp()[pri:0, instance:CreateAnFuseApp.Project.TestCase1@6989da5e]" name="setUp" is-config="true" duration-ms="14903" started-at="2018-10-15T12:16:56Z" finished-at="2018-10-15T12:17:11Z">
          <reporter-output>
          </reporter-output>
        </test-method> <!-- setUp -->
        <test-method status="PASS" signature="CreateanApp(java.lang.String)[pri:0, instance:CreateAnFuseApp.Project.TestCase1@6989da5e]" name="CreateanApp" duration-ms="39117" started-at="2018-10-15T12:17:11Z" finished-at="2018-10-15T12:17:51Z">
          <params>
            <param index="0">
              <value>
                <![CDATA[Abc]]>
              </value>
            </param>
          </params>
          <reporter-output>
          </reporter-output>
        </test-method> <!-- CreateanApp -->
        <test-method status="PASS" signature="tearDown()[pri:0, instance:CreateAnFuseApp.Project.TestCase1@6989da5e]" name="tearDown" is-config="true" duration-ms="1748" started-at="2018-10-15T12:17:51Z" finished-at="2018-10-15T12:17:52Z">
          <reporter-output>
          </reporter-output>
        </test-method> <!-- tearDown -->
      </class> <!-- CreateAnFuseApp.Project.TestCase1 -->
    </test> <!-- Default test -->
  </suite> <!-- Default suite -->
</testng-results>
