<?xml version="1.0" encoding="UTF-8"?>
<testng-results skipped="0" failed="0" ignored="0" total="1" passed="1">
  <reporter-output>
  </reporter-output>
  <suite name="Suite" duration-ms="40094" started-at="2018-10-15T14:16:56Z" finished-at="2018-10-15T14:17:36Z">
    <groups>
    </groups>
    <test name="Test" duration-ms="40094" started-at="2018-10-15T14:16:56Z" finished-at="2018-10-15T14:17:36Z">
      <class name="CreateAnFuseApp.Project.TestCase1">
        <test-method status="PASS" signature="setUp()[pri:0, instance:CreateAnFuseApp.Project.TestCase1@687080dc]" name="setUp" is-config="true" duration-ms="11170" started-at="2018-10-15T14:16:56Z" finished-at="2018-10-15T14:17:07Z">
          <reporter-output>
          </reporter-output>
        </test-method> <!-- setUp -->
        <test-method status="PASS" signature="CreateanApp(java.lang.String, java.lang.String, java.lang.String, java.lang.String, java.lang.String, java.lang.String, java.lang.String, java.lang.String, java.lang.String, java.lang.String, java.lang.String)[pri:0, instance:CreateAnFuseApp.Project.TestCase1@687080dc]" name="CreateanApp" duration-ms="27114" started-at="2018-10-15T14:17:07Z" finished-at="2018-10-15T14:17:35Z">
          <params>
            <param index="0">
              <value>
                <![CDATA[Test]]>
              </value>
            </param>
            <param index="1">
              <value>
                <![CDATA[123456]]>
              </value>
            </param>
            <param index="2">
              <value>
                <![CDATA[Hello World]]>
              </value>
            </param>
            <param index="3">
              <value>
                <![CDATA[smtp@gmail.com]]>
              </value>
            </param>
            <param index="4">
              <value>
                <![CDATA[465]]>
              </value>
            </param>
            <param index="5">
              <value>
                <![CDATA[abc@gmail.com]]>
              </value>
            </param>
            <param index="6">
              <value>
                <![CDATA[1234]]>
              </value>
            </param>
            <param index="7">
              <value>
                <![CDATA[abc@gmail.com]]>
              </value>
            </param>
            <param index="8">
              <value>
                <![CDATA[xyz@gmail.com]]>
              </value>
            </param>
            <param index="9">
              <value>
                <![CDATA[SmsnotSent]]>
              </value>
            </param>
            <param index="10">
              <value>
                <![CDATA[Sms to phone no 121638383 not sent]]>
              </value>
            </param>
          </params>
          <reporter-output>
          </reporter-output>
        </test-method> <!-- CreateanApp -->
        <test-method status="PASS" signature="tearDown()[pri:0, instance:CreateAnFuseApp.Project.TestCase1@687080dc]" name="tearDown" is-config="true" duration-ms="1730" started-at="2018-10-15T14:17:35Z" finished-at="2018-10-15T14:17:36Z">
          <reporter-output>
          </reporter-output>
        </test-method> <!-- tearDown -->
      </class> <!-- CreateAnFuseApp.Project.TestCase1 -->
    </test> <!-- Test -->
  </suite> <!-- Suite -->
</testng-results>
